[0426/165455.854:ERROR:process_memory_win.cc(73)] ReadMemory at 0x20a34400000 of 64 bytes failed: Only part of a ReadProcessMemory or WriteProcessMemory request was completed. (0x12B)
[0426/165455.855:WARNING:pe_image_reader.cc(340)] could not read dos header from C:\WINDOWS\System32\WS2_32.dll
[0426/165455.857:ERROR:process_memory_win.cc(73)] ReadMemory at 0x20a34373740 of 72 bytes failed: Only part of a ReadProcessMemory or WriteProcessMemory request was completed. (0x12B)
[0426/165455.857:WARNING:pe_image_annotations_reader.cc(134)] could not read annotations list object in C:\Program Files (x86)\Google\Chrome\Application\81.0.4044.122\chrome_elf.dll
[0426/165455.858:ERROR:process_memory_win.cc(73)] ReadMemory at 0x20a34905b90 of 72 bytes failed: Only part of a ReadProcessMemory or WriteProcessMemory request was completed. (0x12B)
[0426/165455.858:WARNING:pe_image_annotations_reader.cc(134)] could not read annotations list object in C:\Program Files (x86)\Google\Chrome\Application\81.0.4044.122\chrome.dll
[0426/165455.858:ERROR:process_memory_win.cc(73)] ReadMemory at 0x20a34400000 of 64 bytes failed: Only part of a ReadProcessMemory or WriteProcessMemory request was completed. (0x12B)
[0426/165455.858:WARNING:pe_image_reader.cc(340)] could not read dos header from C:\WINDOWS\System32\WS2_32.dll
[0426/165455.858:ERROR:process_memory_win.cc(73)] ReadMemory at 0x20a34400000 of 64 bytes failed: Only part of a ReadProcessMemory or WriteProcessMemory request was completed. (0x12B)
[0426/165455.858:WARNING:pe_image_reader.cc(340)] could not read dos header from C:\WINDOWS\System32\WS2_32.dll
[0426/165455.937:ERROR:process_memory_win.cc(73)] ReadMemory at 0x7ff6ec5f0000 of 64 bytes failed: Only part of a ReadProcessMemory or WriteProcessMemory request was completed. (0x12B)
[0426/165455.937:WARNING:pe_image_reader.cc(340)] could not read dos header from C:\Program Files (x86)\Google\Chrome\Application\chrome.exe
[0426/165455.937:ERROR:process_memory_win.cc(73)] ReadMemory at 0x7ffadf140000 of 64 bytes failed: Only part of a ReadProcessMemory or WriteProcessMemory request was completed. (0x12B)
[0426/165455.937:WARNING:pe_image_reader.cc(340)] could not read dos header from C:\WINDOWS\SYSTEM32\ntdll.dll
[0426/165455.937:ERROR:process_memory_win.cc(73)] ReadMemory at 0x7ffade0f0000 of 64 bytes failed: Only part of a ReadProcessMemory or WriteProcessMemory request was completed. (0x12B)
[0426/165455.937:WARNING:pe_image_reader.cc(340)] could not read dos header from C:\WINDOWS\System32\KERNEL32.DLL
[0426/165455.937:ERROR:process_memory_win.cc(73)] ReadMemory at 0x7ffadcbd0000 of 64 bytes failed: Only part of a ReadProcessMemory or WriteProcessMemory request was completed. (0x12B)
[0426/165455.937:WARNING:pe_image_reader.cc(340)] could not read dos header from C:\WINDOWS\System32\KERNELBASE.dll
[0426/165455.937:ERROR:process_memory_win.cc(73)] ReadMemory at 0x7ffa86950000 of 64 bytes failed: Only part of a ReadProcessMemory or WriteProcessMemory request was completed. (0x12B)
[0426/165455.937:WARNING:pe_image_reader.cc(340)] could not read dos header from C:\Program Files (x86)\Google\Chrome\Application\81.0.4044.122\chrome_elf.dll
[0426/165455.937:ERROR:process_memory_win.cc(73)] ReadMemory at 0x7ffad4920000 of 64 bytes failed: Only part of a ReadProcessMemory or WriteProcessMemory request was completed. (0x12B)
[0426/165455.938:WARNING:pe_image_reader.cc(340)] could not read dos header from C:\WINDOWS\SYSTEM32\VERSION.dll
[0426/165455.938:ERROR:process_memory_win.cc(73)] ReadMemory at 0x7ffade410000 of 64 bytes failed: Only part of a ReadProcessMemory or WriteProcessMemory request was completed. (0x12B)
[0426/165455.938:WARNING:pe_image_reader.cc(340)] could not read dos header from C:\WINDOWS\System32\msvcrt.dll
[0426/165455.938:ERROR:process_memory_win.cc(73)] ReadMemory at 0x7ffadd170000 of 64 bytes failed: Only part of a ReadProcessMemory or WriteProcessMemory request was completed. (0x12B)
[0426/165455.938:WARNING:pe_image_reader.cc(340)] could not read dos header from C:\WINDOWS\System32\bcryptPrimitives.dll
[0426/165455.938:ERROR:process_memory_win.cc(73)] ReadMemory at 0x7ffadd1f0000 of 64 bytes failed: Only part of a ReadProcessMemory or WriteProcessMemory request was completed. (0x12B)
[0426/165455.938:WARNING:pe_image_reader.cc(340)] could not read dos header from C:\WINDOWS\System32\ADVAPI32.dll
[0426/165455.938:ERROR:process_memory_win.cc(73)] ReadMemory at 0x7ffade890000 of 64 bytes failed: Only part of a ReadProcessMemory or WriteProcessMemory request was completed. (0x12B)
[0426/165455.938:WARNING:pe_image_reader.cc(340)] could not read dos header from C:\WINDOWS\System32\sechost.dll
[0426/165455.938:ERROR:process_memory_win.cc(73)] ReadMemory at 0x7ffade770000 of 64 bytes failed: Only part of a ReadProcessMemory or WriteProcessMemory request was completed. (0x12B)
[0426/165455.938:WARNING:pe_image_reader.cc(340)] could not read dos header from C:\WINDOWS\System32\RPCRT4.dll
[0426/165455.938:ERROR:process_memory_win.cc(73)] ReadMemory at 0x7ffa52390000 of 64 bytes failed: Only part of a ReadProcessMemory or WriteProcessMemory request was completed. (0x12B)
[0426/165455.938:WARNING:pe_image_reader.cc(340)] could not read dos header from C:\Program Files (x86)\Google\Chrome\Application\81.0.4044.122\chrome.dll
[0426/165455.938:ERROR:process_memory_win.cc(73)] ReadMemory at 0x20a34400000 of 64 bytes failed: Only part of a ReadProcessMemory or WriteProcessMemory request was completed. (0x12B)
[0426/165455.938:WARNING:pe_image_reader.cc(340)] could not read dos header from C:\WINDOWS\System32\WS2_32.dll
[0426/165455.938:ERROR:process_memory_win.cc(73)] ReadMemory at 0x7ffadd9c0000 of 64 bytes failed: Only part of a ReadProcessMemory or WriteProcessMemory request was completed. (0x12B)
[0426/165455.938:WARNING:pe_image_reader.cc(340)] could not read dos header from C:\WINDOWS\System32\OLEAUT32.dll
[0426/165455.938:ERROR:process_memory_win.cc(73)] ReadMemory at 0x7ffadd0d0000 of 64 bytes failed: Only part of a ReadProcessMemory or WriteProcessMemory request was completed. (0x12B)
[0426/165455.938:WARNING:pe_image_reader.cc(340)] could not read dos header from C:\WINDOWS\System32\msvcp_win.dll
[0426/165455.938:ERROR:process_memory_win.cc(73)] ReadMemory at 0x7ffadce80000 of 64 bytes failed: Only part of a ReadProcessMemory or WriteProcessMemory request was completed. (0x12B)
[0426/165455.938:WARNING:pe_image_reader.cc(340)] could not read dos header from C:\WINDOWS\System32\ucrtbase.dll
[0426/165455.938:ERROR:process_memory_win.cc(73)] ReadMemory at 0x7ffadedc0000 of 64 bytes failed: Only part of a ReadProcessMemory or WriteProcessMemory request was completed. (0x12B)
[0426/165455.938:WARNING:pe_image_reader.cc(340)] could not read dos header from C:\WINDOWS\System32\combase.dll
[0426/165455.938:ERROR:process_memory_win.cc(73)] ReadMemory at 0x7ffadcb70000 of 64 bytes failed: Only part of a ReadProcessMemory or WriteProcessMemory request was completed. (0x12B)
[0426/165455.938:WARNING:pe_image_reader.cc(340)] could not read dos header from C:\WINDOWS\System32\WINTRUST.dll
[0426/165455.938:ERROR:process_memory_win.cc(73)] ReadMemory at 0x7ffadc0b0000 of 64 bytes failed: Only part of a ReadProcessMemory or WriteProcessMemory request was completed. (0x12B)
[0426/165455.939:WARNING:pe_image_reader.cc(340)] could not read dos header from C:\WINDOWS\System32\MSASN1.dll
[0426/165455.939:ERROR:process_memory_win.cc(73)] ReadMemory at 0x7ffadcf80000 of 64 bytes failed: Only part of a ReadProcessMemory or WriteProcessMemory request was completed. (0x12B)
[0426/165455.939:WARNING:pe_image_reader.cc(340)] could not read dos header from C:\WINDOWS\System32\CRYPT32.dll
[0426/165455.939:ERROR:process_memory_win.cc(73)] ReadMemory at 0x7ffadb580000 of 64 bytes failed: Only part of a ReadProcessMemory or WriteProcessMemory request was completed. (0x12B)
[0426/165455.939:WARNING:pe_image_reader.cc(340)] could not read dos header from C:\WINDOWS\SYSTEM32\IPHLPAPI.DLL
[0426/165455.939:ERROR:process_memory_win.cc(73)] ReadMemory at 0x7ffad9940000 of 64 bytes failed: Only part of a ReadProcessMemory or WriteProcessMemory request was completed. (0x12B)
[0426/165455.939:WARNING:pe_image_reader.cc(340)] could not read dos header from C:\WINDOWS\SYSTEM32\WINMM.dll
[0426/165455.939:ERROR:process_memory_win.cc(73)] ReadMemory at 0x7ffacd190000 of 64 bytes failed: Only part of a ReadProcessMemory or WriteProcessMemory request was completed. (0x12B)
[0426/165455.939:WARNING:pe_image_reader.cc(340)] could not read dos header from C:\WINDOWS\SYSTEM32\Secur32.dll
[0426/165455.939:ERROR:process_memory_win.cc(73)] ReadMemory at 0x7ffadbf20000 of 64 bytes failed: Only part of a ReadProcessMemory or WriteProcessMemory request was completed. (0x12B)
[0426/165455.939:WARNING:pe_image_reader.cc(340)] could not read dos header from C:\WINDOWS\SYSTEM32\USERENV.dll
[0426/165455.939:ERROR:process_memory_win.cc(73)] ReadMemory at 0x7ffadc080000 of 64 bytes failed: Only part of a ReadProcessMemory or WriteProcessMemory request was completed. (0x12B)
[0426/165455.939:WARNING:pe_image_reader.cc(340)] could not read dos header from C:\WINDOWS\System32\profapi.dll
[0426/165455.939:ERROR:process_memory_win.cc(73)] ReadMemory at 0x7ffab4d60000 of 64 bytes failed: Only part of a ReadProcessMemory or WriteProcessMemory request was completed. (0x12B)
[0426/165455.939:WARNING:pe_image_reader.cc(340)] could not read dos header from C:\WINDOWS\SYSTEM32\UIAutomationCore.DLL
[0426/165455.939:ERROR:process_memory_win.cc(73)] ReadMemory at 0x7ffabfc10000 of 64 bytes failed: Only part of a ReadProcessMemory or WriteProcessMemory request was completed. (0x12B)
[0426/165455.939:WARNING:pe_image_reader.cc(340)] could not read dos header from C:\WINDOWS\SYSTEM32\DWrite.dll
[0426/165455.940:ERROR:process_memory_win.cc(73)] ReadMemory at 0x7ffaceb30000 of 64 bytes failed: Only part of a ReadProcessMemory or WriteProcessMemory request was completed. (0x12B)
[0426/165455.940:WARNING:pe_image_reader.cc(340)] could not read dos header from C:\WINDOWS\SYSTEM32\WINSPOOL.DRV
[0426/165455.940:ERROR:process_memory_win.cc(73)] ReadMemory at 0x7ffadc010000 of 64 bytes failed: Only part of a ReadProcessMemory or WriteProcessMemory request was completed. (0x12B)
[0426/165455.940:WARNING:pe_image_reader.cc(340)] could not read dos header from C:\WINDOWS\System32\kernel.appcore.dll
[0426/165455.940:ERROR:process_memory_win.cc(73)] ReadMemory at 0x7ffadc180000 of 64 bytes failed: Only part of a ReadProcessMemory or WriteProcessMemory request was completed. (0x12B)
[0426/165455.940:WARNING:pe_image_reader.cc(340)] could not read dos header from C:\WINDOWS\System32\bcrypt.dll
[0426/165455.940:ERROR:process_memory_win.cc(73)] ReadMemory at 0x7ffad1990000 of 64 bytes failed: Only part of a ReadProcessMemory or WriteProcessMemory request was completed. (0x12B)
[0426/165455.940:WARNING:pe_image_reader.cc(340)] could not read dos header from C:\WINDOWS\SYSTEM32\dbghelp.dll
[0426/165455.940:ERROR:process_memory_win.cc(73)] ReadMemory at 0x7ffacf6d0000 of 64 bytes failed: Only part of a ReadProcessMemory or WriteProcessMemory request was completed. (0x12B)
[0426/165455.940:WARNING:pe_image_reader.cc(340)] could not read dos header from C:\WINDOWS\SYSTEM32\WINHTTP.dll
[0426/165455.940:ERROR:process_memory_win.cc(73)] ReadMemory at 0x7ffacf240000 of 64 bytes failed: Only part of a ReadProcessMemory or WriteProcessMemory request was completed. (0x12B)
[0426/165455.940:WARNING:pe_image_reader.cc(340)] could not read dos header from C:\WINDOWS\SYSTEM32\dhcpcsvc.DLL
[0426/165455.940:ERROR:process_memory_win.cc(73)] ReadMemory at 0x7ffadedb0000 of 64 bytes failed: Only part of a ReadProcessMemory or WriteProcessMemory request was completed. (0x12B)
[0426/165455.941:WARNING:pe_image_reader.cc(340)] could not read dos header from C:\WINDOWS\System32\NSI.dll
[0426/165455.941:ERROR:process_memory_win.cc(73)] ReadMemory at 0x7ffad9910000 of 64 bytes failed: Only part of a ReadProcessMemory or WriteProcessMemory request was completed. (0x12B)
[0426/165455.941:WARNING:pe_image_reader.cc(340)] could not read dos header from C:\WINDOWS\SYSTEM32\WINMMBASE.dll
[0426/165455.941:ERROR:process_memory_win.cc(73)] ReadMemory at 0x7ffadc1d0000 of 64 bytes failed: Only part of a ReadProcessMemory or WriteProcessMemory request was completed. (0x12B)
[0426/165455.941:WARNING:pe_image_reader.cc(340)] could not read dos header from C:\WINDOWS\System32\cfgmgr32.dll
[0426/165455.941:ERROR:process_memory_win.cc(73)] ReadMemory at 0x7ffad8860000 of 64 bytes failed: Only part of a ReadProcessMemory or WriteProcessMemory request was completed. (0x12B)
[0426/165455.941:WARNING:pe_image_reader.cc(340)] could not read dos header from C:\WINDOWS\SYSTEM32\PROPSYS.dll
[0426/165455.941:ERROR:process_memory_win.cc(73)] ReadMemory at 0x7ffaddca0000 of 64 bytes failed: Only part of a ReadProcessMemory or WriteProcessMemory request was completed. (0x12B)
[0426/165455.941:WARNING:pe_image_reader.cc(340)] could not read dos header from C:\WINDOWS\System32\shcore.dll
[0426/165455.941:ERROR:process_memory_win.cc(73)] ReadMemory at 0x7ffadbef0000 of 64 bytes failed: Only part of a ReadProcessMemory or WriteProcessMemory request was completed. (0x12B)
[0426/165455.941:WARNING:pe_image_reader.cc(340)] could not read dos header from C:\WINDOWS\SYSTEM32\SSPICLI.DLL
[0426/165455.941:ERROR:process_memory_win.cc(73)] ReadMemory at 0x7ffadd2a0000 of 64 bytes failed: Only part of a ReadProcessMemory or WriteProcessMemory request was completed. (0x12B)
[0426/165455.942:WARNING:pe_image_reader.cc(340)] could not read dos header from C:\WINDOWS\System32\SHELL32.dll
[0426/165455.942:ERROR:process_memory_win.cc(73)] ReadMemory at 0x7ffadc3f0000 of 64 bytes failed: Only part of a ReadProcessMemory or WriteProcessMemory request was completed. (0x12B)
[0426/165455.942:WARNING:pe_image_reader.cc(340)] could not read dos header from C:\WINDOWS\System32\windows.storage.dll
[0426/165455.942:ERROR:process_memory_win.cc(73)] ReadMemory at 0x7ffadc030000 of 64 bytes failed: Only part of a ReadProcessMemory or WriteProcessMemory request was completed. (0x12B)
[0426/165455.942:WARNING:pe_image_reader.cc(340)] could not read dos header from C:\WINDOWS\System32\powrprof.dll
[0426/165455.942:ERROR:process_memory_win.cc(73)] ReadMemory at 0x7ffadc000000 of 64 bytes failed: Only part of a ReadProcessMemory or WriteProcessMemory request was completed. (0x12B)
[0426/165455.942:WARNING:pe_image_reader.cc(340)] could not read dos header from C:\WINDOWS\System32\UMPDC.dll
[0426/165455.942:ERROR:process_memory_win.cc(73)] ReadMemory at 0x7ffade250000 of 64 bytes failed: Only part of a ReadProcessMemory or WriteProcessMemory request was completed. (0x12B)
[0426/165455.942:WARNING:pe_image_reader.cc(340)] could not read dos header from C:\WINDOWS\System32\shlwapi.dll
[0426/165455.942:ERROR:process_memory_win.cc(73)] ReadMemory at 0x7ffade0c0000 of 64 bytes failed: Only part of a ReadProcessMemory or WriteProcessMemory request was completed. (0x12B)
[0426/165455.942:WARNING:pe_image_reader.cc(340)] could not read dos header from C:\WINDOWS\System32\GDI32.dll
[0426/165455.942:ERROR:process_memory_win.cc(73)] ReadMemory at 0x7ffadc3c0000 of 64 bytes failed: Only part of a ReadProcessMemory or WriteProcessMemory request was completed. (0x12B)
[0426/165455.942:WARNING:pe_image_reader.cc(340)] could not read dos header from C:\WINDOWS\System32\win32u.dll
[0426/165455.942:ERROR:process_memory_win.cc(73)] ReadMemory at 0x7ffadc220000 of 64 bytes failed: Only part of a ReadProcessMemory or WriteProcessMemory request was completed. (0x12B)
[0426/165455.942:WARNING:pe_image_reader.cc(340)] could not read dos header from C:\WINDOWS\System32\gdi32full.dll
[0426/165455.942:ERROR:process_memory_win.cc(73)] ReadMemory at 0x7ffadda90000 of 64 bytes failed: Only part of a ReadProcessMemory or WriteProcessMemory request was completed. (0x12B)
[0426/165455.942:WARNING:pe_image_reader.cc(340)] could not read dos header from C:\WINDOWS\System32\USER32.dll
[0426/165455.942:ERROR:process_memory_win.cc(73)] ReadMemory at 0x7ffadc1b0000 of 64 bytes failed: Only part of a ReadProcessMemory or WriteProcessMemory request was completed. (0x12B)
[0426/165455.942:WARNING:pe_image_reader.cc(340)] could not read dos header from C:\WINDOWS\System32\cryptsp.dll
[0426/165455.942:ERROR:process_memory_win.cc(73)] ReadMemory at 0x7ffadd990000 of 64 bytes failed: Only part of a ReadProcessMemory or WriteProcessMemory request was completed. (0x12B)
[0426/165455.942:WARNING:pe_image_reader.cc(340)] could not read dos header from C:\WINDOWS\System32\IMM32.DLL
[0426/165455.942:ERROR:process_memory_win.cc(73)] ReadMemory at 0x7ffadba40000 of 64 bytes failed: Only part of a ReadProcessMemory or WriteProcessMemory request was completed. (0x12B)
[0426/165455.942:WARNING:pe_image_reader.cc(340)] could not read dos header from C:\WINDOWS\SYSTEM32\CRYPTBASE.DLL
[0426/165455.947:ERROR:process_memory_win.cc(73)] ReadMemory at 0x7ff6ec5f0000 of 64 bytes failed: Only part of a ReadProcessMemory or WriteProcessMemory request was completed. (0x12B)
[0426/165455.947:WARNING:pe_image_reader.cc(340)] could not read dos header from C:\Program Files (x86)\Google\Chrome\Application\chrome.exe
[0426/165455.947:ERROR:process_memory_win.cc(73)] ReadMemory at 0x7ffadf140000 of 64 bytes failed: Only part of a ReadProcessMemory or WriteProcessMemory request was completed. (0x12B)
[0426/165455.948:WARNING:pe_image_reader.cc(340)] could not read dos header from C:\WINDOWS\SYSTEM32\ntdll.dll
[0426/165455.948:ERROR:process_memory_win.cc(73)] ReadMemory at 0x7ffade0f0000 of 64 bytes failed: Only part of a ReadProcessMemory or WriteProcessMemory request was completed. (0x12B)
[0426/165455.948:WARNING:pe_image_reader.cc(340)] could not read dos header from C:\WINDOWS\System32\KERNEL32.DLL
[0426/165455.948:ERROR:process_memory_win.cc(73)] ReadMemory at 0x7ffadcbd0000 of 64 bytes failed: Only part of a ReadProcessMemory or WriteProcessMemory request was completed. (0x12B)
[0426/165455.948:WARNING:pe_image_reader.cc(340)] could not read dos header from C:\WINDOWS\System32\KERNELBASE.dll
[0426/165455.948:ERROR:process_memory_win.cc(73)] ReadMemory at 0x7ffa86950000 of 64 bytes failed: Only part of a ReadProcessMemory or WriteProcessMemory request was completed. (0x12B)
[0426/165455.948:WARNING:pe_image_reader.cc(340)] could not read dos header from C:\Program Files (x86)\Google\Chrome\Application\81.0.4044.122\chrome_elf.dll
[0426/165455.948:ERROR:process_memory_win.cc(73)] ReadMemory at 0x7ffad4920000 of 64 bytes failed: Only part of a ReadProcessMemory or WriteProcessMemory request was completed. (0x12B)
[0426/165455.948:WARNING:pe_image_reader.cc(340)] could not read dos header from C:\WINDOWS\SYSTEM32\VERSION.dll
[0426/165455.948:ERROR:process_memory_win.cc(73)] ReadMemory at 0x7ffade410000 of 64 bytes failed: Only part of a ReadProcessMemory or WriteProcessMemory request was completed. (0x12B)
[0426/165455.948:WARNING:pe_image_reader.cc(340)] could not read dos header from C:\WINDOWS\System32\msvcrt.dll
[0426/165455.948:ERROR:process_memory_win.cc(73)] ReadMemory at 0x7ffadd170000 of 64 bytes failed: Only part of a ReadProcessMemory or WriteProcessMemory request was completed. (0x12B)
[0426/165455.948:WARNING:pe_image_reader.cc(340)] could not read dos header from C:\WINDOWS\System32\bcryptPrimitives.dll
[0426/165455.948:ERROR:process_memory_win.cc(73)] ReadMemory at 0x7ffadd1f0000 of 64 bytes failed: Only part of a ReadProcessMemory or WriteProcessMemory request was completed. (0x12B)
[0426/165455.948:WARNING:pe_image_reader.cc(340)] could not read dos header from C:\WINDOWS\System32\ADVAPI32.dll
[0426/165455.948:ERROR:process_memory_win.cc(73)] ReadMemory at 0x7ffade890000 of 64 bytes failed: Only part of a ReadProcessMemory or WriteProcessMemory request was completed. (0x12B)
[0426/165455.948:WARNING:pe_image_reader.cc(340)] could not read dos header from C:\WINDOWS\System32\sechost.dll
[0426/165455.948:ERROR:process_memory_win.cc(73)] ReadMemory at 0x7ffade770000 of 64 bytes failed: Only part of a ReadProcessMemory or WriteProcessMemory request was completed. (0x12B)
[0426/165455.948:WARNING:pe_image_reader.cc(340)] could not read dos header from C:\WINDOWS\System32\RPCRT4.dll
[0426/165455.948:ERROR:process_memory_win.cc(73)] ReadMemory at 0x7ffa52390000 of 64 bytes failed: Only part of a ReadProcessMemory or WriteProcessMemory request was completed. (0x12B)
[0426/165455.949:WARNING:pe_image_reader.cc(340)] could not read dos header from C:\Program Files (x86)\Google\Chrome\Application\81.0.4044.122\chrome.dll
[0426/165455.949:ERROR:process_memory_win.cc(73)] ReadMemory at 0x20a34400000 of 64 bytes failed: Only part of a ReadProcessMemory or WriteProcessMemory request was completed. (0x12B)
[0426/165455.949:WARNING:pe_image_reader.cc(340)] could not read dos header from C:\WINDOWS\System32\WS2_32.dll
[0426/165455.949:ERROR:process_memory_win.cc(73)] ReadMemory at 0x7ffadd9c0000 of 64 bytes failed: Only part of a ReadProcessMemory or WriteProcessMemory request was completed. (0x12B)
[0426/165455.949:WARNING:pe_image_reader.cc(340)] could not read dos header from C:\WINDOWS\System32\OLEAUT32.dll
[0426/165455.949:ERROR:process_memory_win.cc(73)] ReadMemory at 0x7ffadd0d0000 of 64 bytes failed: Only part of a ReadProcessMemory or WriteProcessMemory request was completed. (0x12B)
[0426/165455.949:WARNING:pe_image_reader.cc(340)] could not read dos header from C:\WINDOWS\System32\msvcp_win.dll
[0426/165455.949:ERROR:process_memory_win.cc(73)] ReadMemory at 0x7ffadce80000 of 64 bytes failed: Only part of a ReadProcessMemory or WriteProcessMemory request was completed. (0x12B)
[0426/165455.949:WARNING:pe_image_reader.cc(340)] could not read dos header from C:\WINDOWS\System32\ucrtbase.dll
[0426/165455.949:ERROR:process_memory_win.cc(73)] ReadMemory at 0x7ffadedc0000 of 64 bytes failed: Only part of a ReadProcessMemory or WriteProcessMemory request was completed. (0x12B)
[0426/165455.949:WARNING:pe_image_reader.cc(340)] could not read dos header from C:\WINDOWS\System32\combase.dll
[0426/165455.949:ERROR:process_memory_win.cc(73)] ReadMemory at 0x7ffadcb70000 of 64 bytes failed: Only part of a ReadProcessMemory or WriteProcessMemory request was completed. (0x12B)
[0426/165455.949:WARNING:pe_image_reader.cc(340)] could not read dos header from C:\WINDOWS\System32\WINTRUST.dll
[0426/165455.949:ERROR:process_memory_win.cc(73)] ReadMemory at 0x7ffadc0b0000 of 64 bytes failed: Only part of a ReadProcessMemory or WriteProcessMemory request was completed. (0x12B)
[0426/165455.949:WARNING:pe_image_reader.cc(340)] could not read dos header from C:\WINDOWS\System32\MSASN1.dll
[0426/165455.949:ERROR:process_memory_win.cc(73)] ReadMemory at 0x7ffadcf80000 of 64 bytes failed: Only part of a ReadProcessMemory or WriteProcessMemory request was completed. (0x12B)
[0426/165455.949:WARNING:pe_image_reader.cc(340)] could not read dos header from C:\WINDOWS\System32\CRYPT32.dll
[0426/165455.949:ERROR:process_memory_win.cc(73)] ReadMemory at 0x7ffadb580000 of 64 bytes failed: Only part of a ReadProcessMemory or WriteProcessMemory request was completed. (0x12B)
[0426/165455.949:WARNING:pe_image_reader.cc(340)] could not read dos header from C:\WINDOWS\SYSTEM32\IPHLPAPI.DLL
[0426/165455.949:ERROR:process_memory_win.cc(73)] ReadMemory at 0x7ffad9940000 of 64 bytes failed: Only part of a ReadProcessMemory or WriteProcessMemory request was completed. (0x12B)
[0426/165455.949:WARNING:pe_image_reader.cc(340)] could not read dos header from C:\WINDOWS\SYSTEM32\WINMM.dll
[0426/165455.949:ERROR:process_memory_win.cc(73)] ReadMemory at 0x7ffacd190000 of 64 bytes failed: Only part of a ReadProcessMemory or WriteProcessMemory request was completed. (0x12B)
[0426/165455.949:WARNING:pe_image_reader.cc(340)] could not read dos header from C:\WINDOWS\SYSTEM32\Secur32.dll
[0426/165455.949:ERROR:process_memory_win.cc(73)] ReadMemory at 0x7ffadbf20000 of 64 bytes failed: Only part of a ReadProcessMemory or WriteProcessMemory request was completed. (0x12B)
[0426/165455.949:WARNING:pe_image_reader.cc(340)] could not read dos header from C:\WINDOWS\SYSTEM32\USERENV.dll
[0426/165455.949:ERROR:process_memory_win.cc(73)] ReadMemory at 0x7ffadc080000 of 64 bytes failed: Only part of a ReadProcessMemory or WriteProcessMemory request was completed. (0x12B)
[0426/165455.949:WARNING:pe_image_reader.cc(340)] could not read dos header from C:\WINDOWS\System32\profapi.dll
[0426/165455.950:ERROR:process_memory_win.cc(73)] ReadMemory at 0x7ffab4d60000 of 64 bytes failed: Only part of a ReadProcessMemory or WriteProcessMemory request was completed. (0x12B)
[0426/165455.950:WARNING:pe_image_reader.cc(340)] could not read dos header from C:\WINDOWS\SYSTEM32\UIAutomationCore.DLL
[0426/165455.950:ERROR:process_memory_win.cc(73)] ReadMemory at 0x7ffabfc10000 of 64 bytes failed: Only part of a ReadProcessMemory or WriteProcessMemory request was completed. (0x12B)
[0426/165455.950:WARNING:pe_image_reader.cc(340)] could not read dos header from C:\WINDOWS\SYSTEM32\DWrite.dll
[0426/165455.950:ERROR:process_memory_win.cc(73)] ReadMemory at 0x7ffaceb30000 of 64 bytes failed: Only part of a ReadProcessMemory or WriteProcessMemory request was completed. (0x12B)
[0426/165455.950:WARNING:pe_image_reader.cc(340)] could not read dos header from C:\WINDOWS\SYSTEM32\WINSPOOL.DRV
[0426/165455.950:ERROR:process_memory_win.cc(73)] ReadMemory at 0x7ffadc010000 of 64 bytes failed: Only part of a ReadProcessMemory or WriteProcessMemory request was completed. (0x12B)
[0426/165455.950:WARNING:pe_image_reader.cc(340)] could not read dos header from C:\WINDOWS\System32\kernel.appcore.dll
[0426/165455.950:ERROR:process_memory_win.cc(73)] ReadMemory at 0x7ffadc180000 of 64 bytes failed: Only part of a ReadProcessMemory or WriteProcessMemory request was completed. (0x12B)
[0426/165455.950:WARNING:pe_image_reader.cc(340)] could not read dos header from C:\WINDOWS\System32\bcrypt.dll
[0426/165455.950:ERROR:process_memory_win.cc(73)] ReadMemory at 0x7ffad1990000 of 64 bytes failed: Only part of a ReadProcessMemory or WriteProcessMemory request was completed. (0x12B)
[0426/165455.950:WARNING:pe_image_reader.cc(340)] could not read dos header from C:\WINDOWS\SYSTEM32\dbghelp.dll
[0426/165455.950:ERROR:process_memory_win.cc(73)] ReadMemory at 0x7ffacf6d0000 of 64 bytes failed: Only part of a ReadProcessMemory or WriteProcessMemory request was completed. (0x12B)
[0426/165455.950:WARNING:pe_image_reader.cc(340)] could not read dos header from C:\WINDOWS\SYSTEM32\WINHTTP.dll
[0426/165455.950:ERROR:process_memory_win.cc(73)] ReadMemory at 0x7ffacf240000 of 64 bytes failed: Only part of a ReadProcessMemory or WriteProcessMemory request was completed. (0x12B)
[0426/165455.950:WARNING:pe_image_reader.cc(340)] could not read dos header from C:\WINDOWS\SYSTEM32\dhcpcsvc.DLL
[0426/165455.950:ERROR:process_memory_win.cc(73)] ReadMemory at 0x7ffadedb0000 of 64 bytes failed: Only part of a ReadProcessMemory or WriteProcessMemory request was completed. (0x12B)
[0426/165455.950:WARNING:pe_image_reader.cc(340)] could not read dos header from C:\WINDOWS\System32\NSI.dll
[0426/165455.950:ERROR:process_memory_win.cc(73)] ReadMemory at 0x7ffad9910000 of 64 bytes failed: Only part of a ReadProcessMemory or WriteProcessMemory request was completed. (0x12B)
[0426/165455.950:WARNING:pe_image_reader.cc(340)] could not read dos header from C:\WINDOWS\SYSTEM32\WINMMBASE.dll
[0426/165455.951:ERROR:process_memory_win.cc(73)] ReadMemory at 0x7ffadc1d0000 of 64 bytes failed: Only part of a ReadProcessMemory or WriteProcessMemory request was completed. (0x12B)
[0426/165455.951:WARNING:pe_image_reader.cc(340)] could not read dos header from C:\WINDOWS\System32\cfgmgr32.dll
[0426/165455.951:ERROR:process_memory_win.cc(73)] ReadMemory at 0x7ffad8860000 of 64 bytes failed: Only part of a ReadProcessMemory or WriteProcessMemory request was completed. (0x12B)
[0426/165455.951:WARNING:pe_image_reader.cc(340)] could not read dos header from C:\WINDOWS\SYSTEM32\PROPSYS.dll
[0426/165455.951:ERROR:process_memory_win.cc(73)] ReadMemory at 0x7ffaddca0000 of 64 bytes failed: Only part of a ReadProcessMemory or WriteProcessMemory request was completed. (0x12B)
[0426/165455.951:WARNING:pe_image_reader.cc(340)] could not read dos header from C:\WINDOWS\System32\shcore.dll
[0426/165455.951:ERROR:process_memory_win.cc(73)] ReadMemory at 0x7ffadbef0000 of 64 bytes failed: Only part of a ReadProcessMemory or WriteProcessMemory request was completed. (0x12B)
[0426/165455.951:WARNING:pe_image_reader.cc(340)] could not read dos header from C:\WINDOWS\SYSTEM32\SSPICLI.DLL
[0426/165455.951:ERROR:process_memory_win.cc(73)] ReadMemory at 0x7ffadd2a0000 of 64 bytes failed: Only part of a ReadProcessMemory or WriteProcessMemory request was completed. (0x12B)
[0426/165455.951:WARNING:pe_image_reader.cc(340)] could not read dos header from C:\WINDOWS\System32\SHELL32.dll
[0426/165455.951:ERROR:process_memory_win.cc(73)] ReadMemory at 0x7ffadc3f0000 of 64 bytes failed: Only part of a ReadProcessMemory or WriteProcessMemory request was completed. (0x12B)
[0426/165455.951:WARNING:pe_image_reader.cc(340)] could not read dos header from C:\WINDOWS\System32\windows.storage.dll
[0426/165455.951:ERROR:process_memory_win.cc(73)] ReadMemory at 0x7ffadc030000 of 64 bytes failed: Only part of a ReadProcessMemory or WriteProcessMemory request was completed. (0x12B)
[0426/165455.951:WARNING:pe_image_reader.cc(340)] could not read dos header from C:\WINDOWS\System32\powrprof.dll
[0426/165455.951:ERROR:process_memory_win.cc(73)] ReadMemory at 0x7ffadc000000 of 64 bytes failed: Only part of a ReadProcessMemory or WriteProcessMemory request was completed. (0x12B)
[0426/165455.951:WARNING:pe_image_reader.cc(340)] could not read dos header from C:\WINDOWS\System32\UMPDC.dll
[0426/165455.951:ERROR:process_memory_win.cc(73)] ReadMemory at 0x7ffade250000 of 64 bytes failed: Only part of a ReadProcessMemory or WriteProcessMemory request was completed. (0x12B)
[0426/165455.951:WARNING:pe_image_reader.cc(340)] could not read dos header from C:\WINDOWS\System32\shlwapi.dll
[0426/165455.951:ERROR:process_memory_win.cc(73)] ReadMemory at 0x7ffade0c0000 of 64 bytes failed: Only part of a ReadProcessMemory or WriteProcessMemory request was completed. (0x12B)
[0426/165455.951:WARNING:pe_image_reader.cc(340)] could not read dos header from C:\WINDOWS\System32\GDI32.dll
[0426/165455.951:ERROR:process_memory_win.cc(73)] ReadMemory at 0x7ffadc3c0000 of 64 bytes failed: Only part of a ReadProcessMemory or WriteProcessMemory request was completed. (0x12B)
[0426/165455.951:WARNING:pe_image_reader.cc(340)] could not read dos header from C:\WINDOWS\System32\win32u.dll
[0426/165455.951:ERROR:process_memory_win.cc(73)] ReadMemory at 0x7ffadc220000 of 64 bytes failed: Only part of a ReadProcessMemory or WriteProcessMemory request was completed. (0x12B)
[0426/165455.951:WARNING:pe_image_reader.cc(340)] could not read dos header from C:\WINDOWS\System32\gdi32full.dll
[0426/165455.952:ERROR:process_memory_win.cc(73)] ReadMemory at 0x7ffadda90000 of 64 bytes failed: Only part of a ReadProcessMemory or WriteProcessMemory request was completed. (0x12B)
[0426/165455.952:WARNING:pe_image_reader.cc(340)] could not read dos header from C:\WINDOWS\System32\USER32.dll
[0426/165455.952:ERROR:process_memory_win.cc(73)] ReadMemory at 0x7ffadc1b0000 of 64 bytes failed: Only part of a ReadProcessMemory or WriteProcessMemory request was completed. (0x12B)
[0426/165455.952:WARNING:pe_image_reader.cc(340)] could not read dos header from C:\WINDOWS\System32\cryptsp.dll
[0426/165455.952:ERROR:process_memory_win.cc(73)] ReadMemory at 0x7ffadd990000 of 64 bytes failed: Only part of a ReadProcessMemory or WriteProcessMemory request was completed. (0x12B)
[0426/165455.952:WARNING:pe_image_reader.cc(340)] could not read dos header from C:\WINDOWS\System32\IMM32.DLL
[0426/165455.952:ERROR:process_memory_win.cc(73)] ReadMemory at 0x7ffadba40000 of 64 bytes failed: Only part of a ReadProcessMemory or WriteProcessMemory request was completed. (0x12B)
[0426/165455.952:WARNING:pe_image_reader.cc(340)] could not read dos header from C:\WINDOWS\SYSTEM32\CRYPTBASE.DLL
[0426/165455.952:ERROR:process_memory_win.cc(73)] ReadMemory at 0x7ff6ec5f0000 of 64 bytes failed: Only part of a ReadProcessMemory or WriteProcessMemory request was completed. (0x12B)
[0426/165455.952:WARNING:pe_image_reader.cc(340)] could not read dos header from C:\Program Files (x86)\Google\Chrome\Application\chrome.exe
[0426/165455.952:ERROR:process_memory_win.cc(73)] ReadMemory at 0x7ffadf140000 of 64 bytes failed: Only part of a ReadProcessMemory or WriteProcessMemory request was completed. (0x12B)
[0426/165455.952:WARNING:pe_image_reader.cc(340)] could not read dos header from C:\WINDOWS\SYSTEM32\ntdll.dll
[0426/165455.952:ERROR:process_memory_win.cc(73)] ReadMemory at 0x7ffade0f0000 of 64 bytes failed: Only part of a ReadProcessMemory or WriteProcessMemory request was completed. (0x12B)
[0426/165455.952:WARNING:pe_image_reader.cc(340)] could not read dos header from C:\WINDOWS\System32\KERNEL32.DLL
[0426/165455.952:ERROR:process_memory_win.cc(73)] ReadMemory at 0x7ffadcbd0000 of 64 bytes failed: Only part of a ReadProcessMemory or WriteProcessMemory request was completed. (0x12B)
[0426/165455.952:WARNING:pe_image_reader.cc(340)] could not read dos header from C:\WINDOWS\System32\KERNELBASE.dll
[0426/165455.953:ERROR:process_memory_win.cc(73)] ReadMemory at 0x7ffa86950000 of 64 bytes failed: Only part of a ReadProcessMemory or WriteProcessMemory request was completed. (0x12B)
[0426/165455.953:WARNING:pe_image_reader.cc(340)] could not read dos header from C:\Program Files (x86)\Google\Chrome\Application\81.0.4044.122\chrome_elf.dll
[0426/165455.953:ERROR:process_memory_win.cc(73)] ReadMemory at 0x7ffad4920000 of 64 bytes failed: Only part of a ReadProcessMemory or WriteProcessMemory request was completed. (0x12B)
[0426/165455.953:WARNING:pe_image_reader.cc(340)] could not read dos header from C:\WINDOWS\SYSTEM32\VERSION.dll
[0426/165455.953:ERROR:process_memory_win.cc(73)] ReadMemory at 0x7ffade410000 of 64 bytes failed: Only part of a ReadProcessMemory or WriteProcessMemory request was completed. (0x12B)
[0426/165455.953:WARNING:pe_image_reader.cc(340)] could not read dos header from C:\WINDOWS\System32\msvcrt.dll
[0426/165455.953:ERROR:process_memory_win.cc(73)] ReadMemory at 0x7ffadd170000 of 64 bytes failed: Only part of a ReadProcessMemory or WriteProcessMemory request was completed. (0x12B)
[0426/165455.953:WARNING:pe_image_reader.cc(340)] could not read dos header from C:\WINDOWS\System32\bcryptPrimitives.dll
[0426/165455.953:ERROR:process_memory_win.cc(73)] ReadMemory at 0x7ffadd1f0000 of 64 bytes failed: Only part of a ReadProcessMemory or WriteProcessMemory request was completed. (0x12B)
[0426/165455.953:WARNING:pe_image_reader.cc(340)] could not read dos header from C:\WINDOWS\System32\ADVAPI32.dll
[0426/165455.953:ERROR:process_memory_win.cc(73)] ReadMemory at 0x7ffade890000 of 64 bytes failed: Only part of a ReadProcessMemory or WriteProcessMemory request was completed. (0x12B)
[0426/165455.953:WARNING:pe_image_reader.cc(340)] could not read dos header from C:\WINDOWS\System32\sechost.dll
[0426/165455.953:ERROR:process_memory_win.cc(73)] ReadMemory at 0x7ffade770000 of 64 bytes failed: Only part of a ReadProcessMemory or WriteProcessMemory request was completed. (0x12B)
[0426/165455.954:WARNING:pe_image_reader.cc(340)] could not read dos header from C:\WINDOWS\System32\RPCRT4.dll
[0426/165455.954:ERROR:process_memory_win.cc(73)] ReadMemory at 0x7ffa52390000 of 64 bytes failed: Only part of a ReadProcessMemory or WriteProcessMemory request was completed. (0x12B)
[0426/165455.954:WARNING:pe_image_reader.cc(340)] could not read dos header from C:\Program Files (x86)\Google\Chrome\Application\81.0.4044.122\chrome.dll
[0426/165455.954:ERROR:process_memory_win.cc(73)] ReadMemory at 0x20a34400000 of 64 bytes failed: Only part of a ReadProcessMemory or WriteProcessMemory request was completed. (0x12B)
[0426/165455.954:WARNING:pe_image_reader.cc(340)] could not read dos header from C:\WINDOWS\System32\WS2_32.dll
[0426/165455.954:ERROR:process_memory_win.cc(73)] ReadMemory at 0x7ffadd9c0000 of 64 bytes failed: Only part of a ReadProcessMemory or WriteProcessMemory request was completed. (0x12B)
[0426/165455.954:WARNING:pe_image_reader.cc(340)] could not read dos header from C:\WINDOWS\System32\OLEAUT32.dll
[0426/165455.954:ERROR:process_memory_win.cc(73)] ReadMemory at 0x7ffadd0d0000 of 64 bytes failed: Only part of a ReadProcessMemory or WriteProcessMemory request was completed. (0x12B)
[0426/165455.954:WARNING:pe_image_reader.cc(340)] could not read dos header from C:\WINDOWS\System32\msvcp_win.dll
[0426/165455.954:ERROR:process_memory_win.cc(73)] ReadMemory at 0x7ffadce80000 of 64 bytes failed: Only part of a ReadProcessMemory or WriteProcessMemory request was completed. (0x12B)
[0426/165455.954:WARNING:pe_image_reader.cc(340)] could not read dos header from C:\WINDOWS\System32\ucrtbase.dll
[0426/165455.954:ERROR:process_memory_win.cc(73)] ReadMemory at 0x7ffadedc0000 of 64 bytes failed: Only part of a ReadProcessMemory or WriteProcessMemory request was completed. (0x12B)
[0426/165455.955:WARNING:pe_image_reader.cc(340)] could not read dos header from C:\WINDOWS\System32\combase.dll
[0426/165455.955:ERROR:process_memory_win.cc(73)] ReadMemory at 0x7ffadcb70000 of 64 bytes failed: Only part of a ReadProcessMemory or WriteProcessMemory request was completed. (0x12B)
[0426/165455.955:WARNING:pe_image_reader.cc(340)] could not read dos header from C:\WINDOWS\System32\WINTRUST.dll
[0426/165455.955:ERROR:process_memory_win.cc(73)] ReadMemory at 0x7ffadc0b0000 of 64 bytes failed: Only part of a ReadProcessMemory or WriteProcessMemory request was completed. (0x12B)
[0426/165455.955:WARNING:pe_image_reader.cc(340)] could not read dos header from C:\WINDOWS\System32\MSASN1.dll
[0426/165455.955:ERROR:process_memory_win.cc(73)] ReadMemory at 0x7ffadcf80000 of 64 bytes failed: Only part of a ReadProcessMemory or WriteProcessMemory request was completed. (0x12B)
[0426/165455.955:WARNING:pe_image_reader.cc(340)] could not read dos header from C:\WINDOWS\System32\CRYPT32.dll
[0426/165455.955:ERROR:process_memory_win.cc(73)] ReadMemory at 0x7ffadb580000 of 64 bytes failed: Only part of a ReadProcessMemory or WriteProcessMemory request was completed. (0x12B)
[0426/165455.955:WARNING:pe_image_reader.cc(340)] could not read dos header from C:\WINDOWS\SYSTEM32\IPHLPAPI.DLL
[0426/165455.955:ERROR:process_memory_win.cc(73)] ReadMemory at 0x7ffad9940000 of 64 bytes failed: Only part of a ReadProcessMemory or WriteProcessMemory request was completed. (0x12B)
[0426/165455.955:WARNING:pe_image_reader.cc(340)] could not read dos header from C:\WINDOWS\SYSTEM32\WINMM.dll
[0426/165455.955:ERROR:process_memory_win.cc(73)] ReadMemory at 0x7ffacd190000 of 64 bytes failed: Only part of a ReadProcessMemory or WriteProcessMemory request was completed. (0x12B)
[0426/165455.955:WARNING:pe_image_reader.cc(340)] could not read dos header from C:\WINDOWS\SYSTEM32\Secur32.dll
[0426/165455.955:ERROR:process_memory_win.cc(73)] ReadMemory at 0x7ffadbf20000 of 64 bytes failed: Only part of a ReadProcessMemory or WriteProcessMemory request was completed. (0x12B)
[0426/165455.955:WARNING:pe_image_reader.cc(340)] could not read dos header from C:\WINDOWS\SYSTEM32\USERENV.dll
[0426/165455.955:ERROR:process_memory_win.cc(73)] ReadMemory at 0x7ffadc080000 of 64 bytes failed: Only part of a ReadProcessMemory or WriteProcessMemory request was completed. (0x12B)
[0426/165455.955:WARNING:pe_image_reader.cc(340)] could not read dos header from C:\WINDOWS\System32\profapi.dll
[0426/165455.955:ERROR:process_memory_win.cc(73)] ReadMemory at 0x7ffab4d60000 of 64 bytes failed: Only part of a ReadProcessMemory or WriteProcessMemory request was completed. (0x12B)
[0426/165455.955:WARNING:pe_image_reader.cc(340)] could not read dos header from C:\WINDOWS\SYSTEM32\UIAutomationCore.DLL
[0426/165455.955:ERROR:process_memory_win.cc(73)] ReadMemory at 0x7ffabfc10000 of 64 bytes failed: Only part of a ReadProcessMemory or WriteProcessMemory request was completed. (0x12B)
[0426/165455.955:WARNING:pe_image_reader.cc(340)] could not read dos header from C:\WINDOWS\SYSTEM32\DWrite.dll
[0426/165455.955:ERROR:process_memory_win.cc(73)] ReadMemory at 0x7ffaceb30000 of 64 bytes failed: Only part of a ReadProcessMemory or WriteProcessMemory request was completed. (0x12B)
[0426/165455.955:WARNING:pe_image_reader.cc(340)] could not read dos header from C:\WINDOWS\SYSTEM32\WINSPOOL.DRV
[0426/165455.955:ERROR:process_memory_win.cc(73)] ReadMemory at 0x7ffadc010000 of 64 bytes failed: Only part of a ReadProcessMemory or WriteProcessMemory request was completed. (0x12B)
[0426/165455.955:WARNING:pe_image_reader.cc(340)] could not read dos header from C:\WINDOWS\System32\kernel.appcore.dll
[0426/165455.955:ERROR:process_memory_win.cc(73)] ReadMemory at 0x7ffadc180000 of 64 bytes failed: Only part of a ReadProcessMemory or WriteProcessMemory request was completed. (0x12B)
[0426/165455.956:WARNING:pe_image_reader.cc(340)] could not read dos header from C:\WINDOWS\System32\bcrypt.dll
[0426/165455.956:ERROR:process_memory_win.cc(73)] ReadMemory at 0x7ffad1990000 of 64 bytes failed: Only part of a ReadProcessMemory or WriteProcessMemory request was completed. (0x12B)
[0426/165455.956:WARNING:pe_image_reader.cc(340)] could not read dos header from C:\WINDOWS\SYSTEM32\dbghelp.dll
[0426/165455.956:ERROR:process_memory_win.cc(73)] ReadMemory at 0x7ffacf6d0000 of 64 bytes failed: Only part of a ReadProcessMemory or WriteProcessMemory request was completed. (0x12B)
[0426/165455.956:WARNING:pe_image_reader.cc(340)] could not read dos header from C:\WINDOWS\SYSTEM32\WINHTTP.dll
[0426/165455.956:ERROR:process_memory_win.cc(73)] ReadMemory at 0x7ffacf240000 of 64 bytes failed: Only part of a ReadProcessMemory or WriteProcessMemory request was completed. (0x12B)
[0426/165455.956:WARNING:pe_image_reader.cc(340)] could not read dos header from C:\WINDOWS\SYSTEM32\dhcpcsvc.DLL
[0426/165455.956:ERROR:process_memory_win.cc(73)] ReadMemory at 0x7ffadedb0000 of 64 bytes failed: Only part of a ReadProcessMemory or WriteProcessMemory request was completed. (0x12B)
[0426/165455.956:WARNING:pe_image_reader.cc(340)] could not read dos header from C:\WINDOWS\System32\NSI.dll
[0426/165455.956:ERROR:process_memory_win.cc(73)] ReadMemory at 0x7ffad9910000 of 64 bytes failed: Only part of a ReadProcessMemory or WriteProcessMemory request was completed. (0x12B)
[0426/165455.956:WARNING:pe_image_reader.cc(340)] could not read dos header from C:\WINDOWS\SYSTEM32\WINMMBASE.dll
[0426/165455.956:ERROR:process_memory_win.cc(73)] ReadMemory at 0x7ffadc1d0000 of 64 bytes failed: Only part of a ReadProcessMemory or WriteProcessMemory request was completed. (0x12B)
[0426/165455.956:WARNING:pe_image_reader.cc(340)] could not read dos header from C:\WINDOWS\System32\cfgmgr32.dll
[0426/165455.956:ERROR:process_memory_win.cc(73)] ReadMemory at 0x7ffad8860000 of 64 bytes failed: Only part of a ReadProcessMemory or WriteProcessMemory request was completed. (0x12B)
[0426/165455.956:WARNING:pe_image_reader.cc(340)] could not read dos header from C:\WINDOWS\SYSTEM32\PROPSYS.dll
[0426/165455.956:ERROR:process_memory_win.cc(73)] ReadMemory at 0x7ffaddca0000 of 64 bytes failed: Only part of a ReadProcessMemory or WriteProcessMemory request was completed. (0x12B)
[0426/165455.956:WARNING:pe_image_reader.cc(340)] could not read dos header from C:\WINDOWS\System32\shcore.dll
[0426/165455.956:ERROR:process_memory_win.cc(73)] ReadMemory at 0x7ffadbef0000 of 64 bytes failed: Only part of a ReadProcessMemory or WriteProcessMemory request was completed. (0x12B)
[0426/165455.956:WARNING:pe_image_reader.cc(340)] could not read dos header from C:\WINDOWS\SYSTEM32\SSPICLI.DLL
[0426/165455.956:ERROR:process_memory_win.cc(73)] ReadMemory at 0x7ffadd2a0000 of 64 bytes failed: Only part of a ReadProcessMemory or WriteProcessMemory request was completed. (0x12B)
[0426/165455.957:WARNING:pe_image_reader.cc(340)] could not read dos header from C:\WINDOWS\System32\SHELL32.dll
[0426/165455.957:ERROR:process_memory_win.cc(73)] ReadMemory at 0x7ffadc3f0000 of 64 bytes failed: Only part of a ReadProcessMemory or WriteProcessMemory request was completed. (0x12B)
[0426/165455.957:WARNING:pe_image_reader.cc(340)] could not read dos header from C:\WINDOWS\System32\windows.storage.dll
[0426/165455.957:ERROR:process_memory_win.cc(73)] ReadMemory at 0x7ffadc030000 of 64 bytes failed: Only part of a ReadProcessMemory or WriteProcessMemory request was completed. (0x12B)
[0426/165455.957:WARNING:pe_image_reader.cc(340)] could not read dos header from C:\WINDOWS\System32\powrprof.dll
[0426/165455.957:ERROR:process_memory_win.cc(73)] ReadMemory at 0x7ffadc000000 of 64 bytes failed: Only part of a ReadProcessMemory or WriteProcessMemory request was completed. (0x12B)
[0426/165455.957:WARNING:pe_image_reader.cc(340)] could not read dos header from C:\WINDOWS\System32\UMPDC.dll
[0426/165455.957:ERROR:process_memory_win.cc(73)] ReadMemory at 0x7ffade250000 of 64 bytes failed: Only part of a ReadProcessMemory or WriteProcessMemory request was completed. (0x12B)
[0426/165455.957:WARNING:pe_image_reader.cc(340)] could not read dos header from C:\WINDOWS\System32\shlwapi.dll
[0426/165455.957:ERROR:process_memory_win.cc(73)] ReadMemory at 0x7ffade0c0000 of 64 bytes failed: Only part of a ReadProcessMemory or WriteProcessMemory request was completed. (0x12B)
[0426/165455.957:WARNING:pe_image_reader.cc(340)] could not read dos header from C:\WINDOWS\System32\GDI32.dll
[0426/165455.957:ERROR:process_memory_win.cc(73)] ReadMemory at 0x7ffadc3c0000 of 64 bytes failed: Only part of a ReadProcessMemory or WriteProcessMemory request was completed. (0x12B)
[0426/165455.957:WARNING:pe_image_reader.cc(340)] could not read dos header from C:\WINDOWS\System32\win32u.dll
[0426/165455.957:ERROR:process_memory_win.cc(73)] ReadMemory at 0x7ffadc220000 of 64 bytes failed: Only part of a ReadProcessMemory or WriteProcessMemory request was completed. (0x12B)
[0426/165455.957:WARNING:pe_image_reader.cc(340)] could not read dos header from C:\WINDOWS\System32\gdi32full.dll
[0426/165455.957:ERROR:process_memory_win.cc(73)] ReadMemory at 0x7ffadda90000 of 64 bytes failed: Only part of a ReadProcessMemory or WriteProcessMemory request was completed. (0x12B)
[0426/165455.957:WARNING:pe_image_reader.cc(340)] could not read dos header from C:\WINDOWS\System32\USER32.dll
[0426/165455.957:ERROR:process_memory_win.cc(73)] ReadMemory at 0x7ffadc1b0000 of 64 bytes failed: Only part of a ReadProcessMemory or WriteProcessMemory request was completed. (0x12B)
[0426/165455.957:WARNING:pe_image_reader.cc(340)] could not read dos header from C:\WINDOWS\System32\cryptsp.dll
[0426/165455.957:ERROR:process_memory_win.cc(73)] ReadMemory at 0x7ffadd990000 of 64 bytes failed: Only part of a ReadProcessMemory or WriteProcessMemory request was completed. (0x12B)
[0426/165455.957:WARNING:pe_image_reader.cc(340)] could not read dos header from C:\WINDOWS\System32\IMM32.DLL
[0426/165455.958:ERROR:process_memory_win.cc(73)] ReadMemory at 0x7ffadba40000 of 64 bytes failed: Only part of a ReadProcessMemory or WriteProcessMemory request was completed. (0x12B)
[0426/165455.958:WARNING:pe_image_reader.cc(340)] could not read dos header from C:\WINDOWS\SYSTEM32\CRYPTBASE.DLL
[0426/165455.969:ERROR:process_memory_win.cc(73)] ReadMemory at 0x2c4e5e8000 of 98304 bytes failed: Only part of a ReadProcessMemory or WriteProcessMemory request was completed. (0x12B)
[0426/165455.970:ERROR:process_memory_win.cc(73)] ReadMemory at 0x2c4edfd000 of 12288 bytes failed: Only part of a ReadProcessMemory or WriteProcessMemory request was completed. (0x12B)
[0426/165455.970:ERROR:process_memory_win.cc(73)] ReadMemory at 0x2c4f5f5000 of 45056 bytes failed: Only part of a ReadProcessMemory or WriteProcessMemory request was completed. (0x12B)
[0426/165455.970:ERROR:process_memory_win.cc(73)] ReadMemory at 0x2c4fdfd000 of 12288 bytes failed: Only part of a ReadProcessMemory or WriteProcessMemory request was completed. (0x12B)
[0426/165455.970:ERROR:process_memory_win.cc(73)] ReadMemory at 0x2c505fb000 of 20480 bytes failed: Only part of a ReadProcessMemory or WriteProcessMemory request was completed. (0x12B)
[0426/165455.970:ERROR:process_memory_win.cc(73)] ReadMemory at 0x2c50dfe000 of 8192 bytes failed: Only part of a ReadProcessMemory or WriteProcessMemory request was completed. (0x12B)
[0426/165455.970:ERROR:process_memory_win.cc(73)] ReadMemory at 0x2c515fd000 of 12288 bytes failed: Only part of a ReadProcessMemory or WriteProcessMemory request was completed. (0x12B)
[0426/165455.970:ERROR:process_memory_win.cc(73)] ReadMemory at 0x2c51dfb000 of 20480 bytes failed: Only part of a ReadProcessMemory or WriteProcessMemory request was completed. (0x12B)
[0426/165455.970:ERROR:process_memory_win.cc(73)] ReadMemory at 0x2c525fd000 of 12288 bytes failed: Only part of a ReadProcessMemory or WriteProcessMemory request was completed. (0x12B)
[0426/165455.970:ERROR:process_memory_win.cc(73)] ReadMemory at 0x2c52dfc000 of 16384 bytes failed: Only part of a ReadProcessMemory or WriteProcessMemory request was completed. (0x12B)
[0426/165455.971:ERROR:process_memory_win.cc(73)] ReadMemory at 0x2c535f6000 of 40960 bytes failed: Only part of a ReadProcessMemory or WriteProcessMemory request was completed. (0x12B)
[0426/165455.971:ERROR:process_memory_win.cc(73)] ReadMemory at 0x2c53df7000 of 36864 bytes failed: Only part of a ReadProcessMemory or WriteProcessMemory request was completed. (0x12B)
[0426/165455.971:ERROR:process_memory_win.cc(73)] ReadMemory at 0x2c545fd000 of 12288 bytes failed: Only part of a ReadProcessMemory or WriteProcessMemory request was completed. (0x12B)
[0426/165455.971:ERROR:process_memory_win.cc(73)] ReadMemory at 0x2c54df6000 of 40960 bytes failed: Only part of a ReadProcessMemory or WriteProcessMemory request was completed. (0x12B)
[0426/165455.971:ERROR:process_memory_win.cc(73)] ReadMemory at 0x2c555fd000 of 12288 bytes failed: Only part of a ReadProcessMemory or WriteProcessMemory request was completed. (0x12B)
[0426/165455.971:ERROR:process_memory_win.cc(73)] ReadMemory at 0x2c55df5000 of 45056 bytes failed: Only part of a ReadProcessMemory or WriteProcessMemory request was completed. (0x12B)
[0426/165455.971:ERROR:process_memory_win.cc(73)] ReadMemory at 0x2c565f8000 of 32768 bytes failed: Only part of a ReadProcessMemory or WriteProcessMemory request was completed. (0x12B)
[0426/165455.971:ERROR:process_memory_win.cc(73)] ReadMemory at 0x2c56dfc000 of 16384 bytes failed: Only part of a ReadProcessMemory or WriteProcessMemory request was completed. (0x12B)
[0426/165455.971:ERROR:process_memory_win.cc(73)] ReadMemory at 0x2c4dc14000 of 852 bytes failed: Only part of a ReadProcessMemory or WriteProcessMemory request was completed. (0x12B)
[0426/165455.972:ERROR:process_memory_win.cc(73)] ReadMemory at 0x2c4dc15000 of 6024 bytes failed: Only part of a ReadProcessMemory or WriteProcessMemory request was completed. (0x12B)
[0426/165455.972:ERROR:process_memory_win.cc(73)] ReadMemory at 0x2c4dc17000 of 6024 bytes failed: Only part of a ReadProcessMemory or WriteProcessMemory request was completed. (0x12B)
[0426/165455.972:ERROR:process_memory_win.cc(73)] ReadMemory at 0x2c4dc19000 of 6024 bytes failed: Only part of a ReadProcessMemory or WriteProcessMemory request was completed. (0x12B)
[0426/165455.972:ERROR:process_memory_win.cc(73)] ReadMemory at 0x2c4dc1b000 of 6024 bytes failed: Only part of a ReadProcessMemory or WriteProcessMemory request was completed. (0x12B)
[0426/165455.972:ERROR:process_memory_win.cc(73)] ReadMemory at 0x2c4dc1d000 of 6024 bytes failed: Only part of a ReadProcessMemory or WriteProcessMemory request was completed. (0x12B)
[0426/165455.972:ERROR:process_memory_win.cc(73)] ReadMemory at 0x2c4dc1f000 of 6024 bytes failed: Only part of a ReadProcessMemory or WriteProcessMemory request was completed. (0x12B)
[0426/165455.972:ERROR:process_memory_win.cc(73)] ReadMemory at 0x2c4dc21000 of 6024 bytes failed: Only part of a ReadProcessMemory or WriteProcessMemory request was completed. (0x12B)
[0426/165455.972:ERROR:process_memory_win.cc(73)] ReadMemory at 0x2c4dc23000 of 6024 bytes failed: Only part of a ReadProcessMemory or WriteProcessMemory request was completed. (0x12B)
[0426/165455.972:ERROR:process_memory_win.cc(73)] ReadMemory at 0x2c4dc25000 of 6024 bytes failed: Only part of a ReadProcessMemory or WriteProcessMemory request was completed. (0x12B)
[0426/165455.972:ERROR:process_memory_win.cc(73)] ReadMemory at 0x2c4dc27000 of 6024 bytes failed: Only part of a ReadProcessMemory or WriteProcessMemory request was completed. (0x12B)
[0426/165455.972:ERROR:process_memory_win.cc(73)] ReadMemory at 0x2c4dc29000 of 6024 bytes failed: Only part of a ReadProcessMemory or WriteProcessMemory request was completed. (0x12B)
[0426/165455.972:ERROR:process_memory_win.cc(73)] ReadMemory at 0x2c4dc2b000 of 6024 bytes failed: Only part of a ReadProcessMemory or WriteProcessMemory request was completed. (0x12B)
[0426/165455.972:ERROR:process_memory_win.cc(73)] ReadMemory at 0x2c4dc2d000 of 6024 bytes failed: Only part of a ReadProcessMemory or WriteProcessMemory request was completed. (0x12B)
[0426/165455.973:ERROR:process_memory_win.cc(73)] ReadMemory at 0x2c4dc2f000 of 6024 bytes failed: Only part of a ReadProcessMemory or WriteProcessMemory request was completed. (0x12B)
[0426/165455.973:ERROR:process_memory_win.cc(73)] ReadMemory at 0x2c4dc31000 of 6024 bytes failed: Only part of a ReadProcessMemory or WriteProcessMemory request was completed. (0x12B)
[0426/165455.973:ERROR:process_memory_win.cc(73)] ReadMemory at 0x2c4dc33000 of 6024 bytes failed: Only part of a ReadProcessMemory or WriteProcessMemory request was completed. (0x12B)
[0426/165455.973:ERROR:process_memory_win.cc(73)] ReadMemory at 0x2c4dc35000 of 6024 bytes failed: Only part of a ReadProcessMemory or WriteProcessMemory request was completed. (0x12B)
[0426/165455.973:ERROR:process_memory_win.cc(73)] ReadMemory at 0x2c4dc37000 of 6024 bytes failed: Only part of a ReadProcessMemory or WriteProcessMemory request was completed. (0x12B)
[0426/165455.973:ERROR:process_memory_win.cc(73)] ReadMemory at 0x20a34260750 of 80 bytes failed: Only part of a ReadProcessMemory or WriteProcessMemory request was completed. (0x12B)
[0426/165455.973:ERROR:process_memory_win.cc(73)] ReadMemory at 0x20a34260fe0 of 4908 bytes failed: Only part of a ReadProcessMemory or WriteProcessMemory request was completed. (0x12B)
[0426/165455.973:ERROR:process_memory_win.cc(73)] ReadMemory at 0x20a34262320 of 1012 bytes failed: Only part of a ReadProcessMemory or WriteProcessMemory request was completed. (0x12B)
[0426/165455.973:ERROR:process_memory_win.cc(73)] ReadMemory at 0x20a34262968 of 118 bytes failed: Only part of a ReadProcessMemory or WriteProcessMemory request was completed. (0x12B)
[0426/165455.973:ERROR:process_memory_win.cc(73)] ReadMemory at 0x20a342629e0 of 1194 bytes failed: Only part of a ReadProcessMemory or WriteProcessMemory request was completed. (0x12B)
[0426/165455.973:ERROR:process_memory_win.cc(73)] ReadMemory at 0x20a34262e8c of 118 bytes failed: Only part of a ReadProcessMemory or WriteProcessMemory request was completed. (0x12B)
[0426/165455.973:ERROR:process_memory_win.cc(73)] ReadMemory at 0x20a34262f04 of 96 bytes failed: Only part of a ReadProcessMemory or WriteProcessMemory request was completed. (0x12B)
[0426/165455.974:ERROR:process_memory_win.cc(73)] ReadMemory at 0x20a34262f70 of 58 bytes failed: Only part of a ReadProcessMemory or WriteProcessMemory request was completed. (0x12B)
[0426/165455.974:ERROR:process_memory_win.cc(73)] ReadMemory at 0x20a34263070 of 132 bytes failed: Only part of a ReadProcessMemory or WriteProcessMemory request was completed. (0x12B)
[0426/165455.974:ERROR:process_memory_win.cc(73)] ReadMemory at 0x20a34263200 of 132 bytes failed: Only part of a ReadProcessMemory or WriteProcessMemory request was completed. (0x12B)
[0426/165455.974:ERROR:process_memory_win.cc(73)] ReadMemory at 0x20a342633c0 of 126 bytes failed: Only part of a ReadProcessMemory or WriteProcessMemory request was completed. (0x12B)
[0426/165455.974:ERROR:process_memory_win.cc(73)] ReadMemory at 0x20a342637a0 of 132 bytes failed: Only part of a ReadProcessMemory or WriteProcessMemory request was completed. (0x12B)
[0426/165455.974:ERROR:process_memory_win.cc(73)] ReadMemory at 0x20a34263930 of 64 bytes failed: Only part of a ReadProcessMemory or WriteProcessMemory request was completed. (0x12B)
[0426/165455.974:ERROR:process_memory_win.cc(73)] ReadMemory at 0x20a34263af0 of 132 bytes failed: Only part of a ReadProcessMemory or WriteProcessMemory request was completed. (0x12B)
[0426/165455.974:ERROR:process_memory_win.cc(73)] ReadMemory at 0x20a34263d90 of 132 bytes failed: Only part of a ReadProcessMemory or WriteProcessMemory request was completed. (0x12B)
[0426/165455.974:ERROR:process_memory_win.cc(73)] ReadMemory at 0x20a34263f20 of 68 bytes failed: Only part of a ReadProcessMemory or WriteProcessMemory request was completed. (0x12B)
[0426/165455.974:ERROR:process_memory_win.cc(73)] ReadMemory at 0x20a342650c0 of 132 bytes failed: Only part of a ReadProcessMemory or WriteProcessMemory request was completed. (0x12B)
[0426/165455.974:ERROR:process_memory_win.cc(73)] ReadMemory at 0x20a34265250 of 154 bytes failed: Only part of a ReadProcessMemory or WriteProcessMemory request was completed. (0x12B)
[0426/165455.975:ERROR:process_memory_win.cc(73)] ReadMemory at 0x20a34266030 of 62 bytes failed: Only part of a ReadProcessMemory or WriteProcessMemory request was completed. (0x12B)
[0426/165455.975:ERROR:process_memory_win.cc(73)] ReadMemory at 0x20a34266080 of 132 bytes failed: Only part of a ReadProcessMemory or WriteProcessMemory request was completed. (0x12B)
[0426/165455.975:ERROR:process_memory_win.cc(73)] ReadMemory at 0x20a34266220 of 132 bytes failed: Only part of a ReadProcessMemory or WriteProcessMemory request was completed. (0x12B)
[0426/165455.975:ERROR:process_memory_win.cc(73)] ReadMemory at 0x20a34266350 of 60 bytes failed: Only part of a ReadProcessMemory or WriteProcessMemory request was completed. (0x12B)
[0426/165455.975:ERROR:process_memory_win.cc(73)] ReadMemory at 0x20a34266acc of 512 bytes failed: Only part of a ReadProcessMemory or WriteProcessMemory request was completed. (0x12B)
[0426/165455.975:ERROR:process_memory_win.cc(73)] ReadMemory at 0x20a34268460 of 132 bytes failed: Only part of a ReadProcessMemory or WriteProcessMemory request was completed. (0x12B)
[0426/165455.975:ERROR:process_memory_win.cc(73)] ReadMemory at 0x20a34268590 of 146 bytes failed: Only part of a ReadProcessMemory or WriteProcessMemory request was completed. (0x12B)
[0426/165455.975:ERROR:process_memory_win.cc(73)] ReadMemory at 0x20a34268630 of 132 bytes failed: Only part of a ReadProcessMemory or WriteProcessMemory request was completed. (0x12B)
[0426/165455.975:ERROR:process_memory_win.cc(73)] ReadMemory at 0x20a3426b530 of 60 bytes failed: Only part of a ReadProcessMemory or WriteProcessMemory request was completed. (0x12B)
[0426/165455.975:ERROR:process_memory_win.cc(73)] ReadMemory at 0x20a3426b670 of 66 bytes failed: Only part of a ReadProcessMemory or WriteProcessMemory request was completed. (0x12B)
[0426/165455.975:ERROR:process_memory_win.cc(73)] ReadMemory at 0x20a3426b6c0 of 64 bytes failed: Only part of a ReadProcessMemory or WriteProcessMemory request was completed. (0x12B)
[0426/165455.975:ERROR:process_memory_win.cc(73)] ReadMemory at 0x20a3426b850 of 64 bytes failed: Only part of a ReadProcessMemory or WriteProcessMemory request was completed. (0x12B)
[0426/165455.975:ERROR:process_memory_win.cc(73)] ReadMemory at 0x20a3426b8a0 of 62 bytes failed: Only part of a ReadProcessMemory or WriteProcessMemory request was completed. (0x12B)
[0426/165455.976:ERROR:process_memory_win.cc(73)] ReadMemory at 0x20a3426b8f0 of 64 bytes failed: Only part of a ReadProcessMemory or WriteProcessMemory request was completed. (0x12B)
[0426/165455.976:ERROR:process_memory_win.cc(73)] ReadMemory at 0x20a3426ba30 of 60 bytes failed: Only part of a ReadProcessMemory or WriteProcessMemory request was completed. (0x12B)
[0426/165455.976:ERROR:process_memory_win.cc(73)] ReadMemory at 0x20a3426bad0 of 64 bytes failed: Only part of a ReadProcessMemory or WriteProcessMemory request was completed. (0x12B)
[0426/165455.976:ERROR:process_memory_win.cc(73)] ReadMemory at 0x20a3426bbc0 of 62 bytes failed: Only part of a ReadProcessMemory or WriteProcessMemory request was completed. (0x12B)
[0426/165455.976:ERROR:process_memory_win.cc(73)] ReadMemory at 0x20a3426bf10 of 132 bytes failed: Only part of a ReadProcessMemory or WriteProcessMemory request was completed. (0x12B)
[0426/165455.976:ERROR:process_memory_win.cc(73)] ReadMemory at 0x20a3426c040 of 132 bytes failed: Only part of a ReadProcessMemory or WriteProcessMemory request was completed. (0x12B)
[0426/165455.976:ERROR:process_memory_win.cc(73)] ReadMemory at 0x20a3426c260 of 132 bytes failed: Only part of a ReadProcessMemory or WriteProcessMemory request was completed. (0x12B)
[0426/165455.976:ERROR:process_memory_win.cc(73)] ReadMemory at 0x20a3426c5c0 of 132 bytes failed: Only part of a ReadProcessMemory or WriteProcessMemory request was completed. (0x12B)
[0426/165455.976:ERROR:process_memory_win.cc(73)] ReadMemory at 0x20a3426c7d0 of 132 bytes failed: Only part of a ReadProcessMemory or WriteProcessMemory request was completed. (0x12B)
[0426/165455.976:ERROR:process_memory_win.cc(73)] ReadMemory at 0x20a3426cb00 of 132 bytes failed: Only part of a ReadProcessMemory or WriteProcessMemory request was completed. (0x12B)
[0426/165455.976:ERROR:process_memory_win.cc(73)] ReadMemory at 0x20a3426cc30 of 132 bytes failed: Only part of a ReadProcessMemory or WriteProcessMemory request was completed. (0x12B)
[0426/165455.976:ERROR:process_memory_win.cc(73)] ReadMemory at 0x20a3426cd60 of 132 bytes failed: Only part of a ReadProcessMemory or WriteProcessMemory request was completed. (0x12B)
[0426/165455.976:ERROR:process_memory_win.cc(73)] ReadMemory at 0x20a3426ce90 of 132 bytes failed: Only part of a ReadProcessMemory or WriteProcessMemory request was completed. (0x12B)
[0426/165455.976:ERROR:process_memory_win.cc(73)] ReadMemory at 0x20a3426cfc0 of 132 bytes failed: Only part of a ReadProcessMemory or WriteProcessMemory request was completed. (0x12B)
[0426/165455.977:ERROR:process_memory_win.cc(73)] ReadMemory at 0x20a3426d0f0 of 132 bytes failed: Only part of a ReadProcessMemory or WriteProcessMemory request was completed. (0x12B)
[0426/165455.977:ERROR:process_memory_win.cc(73)] ReadMemory at 0x20a3426d220 of 132 bytes failed: Only part of a ReadProcessMemory or WriteProcessMemory request was completed. (0x12B)
[0426/165455.977:ERROR:process_memory_win.cc(73)] ReadMemory at 0x20a3426d350 of 132 bytes failed: Only part of a ReadProcessMemory or WriteProcessMemory request was completed. (0x12B)
[0426/165455.977:ERROR:process_memory_win.cc(73)] ReadMemory at 0x20a3426d480 of 132 bytes failed: Only part of a ReadProcessMemory or WriteProcessMemory request was completed. (0x12B)
[0426/165455.977:ERROR:process_memory_win.cc(73)] ReadMemory at 0x20a3426d5b0 of 132 bytes failed: Only part of a ReadProcessMemory or WriteProcessMemory request was completed. (0x12B)
[0426/165455.977:ERROR:process_memory_win.cc(73)] ReadMemory at 0x20a3426d6e0 of 132 bytes failed: Only part of a ReadProcessMemory or WriteProcessMemory request was completed. (0x12B)
[0426/165455.977:ERROR:process_memory_win.cc(73)] ReadMemory at 0x20a3426d940 of 132 bytes failed: Only part of a ReadProcessMemory or WriteProcessMemory request was completed. (0x12B)
[0426/165455.977:ERROR:process_memory_win.cc(73)] ReadMemory at 0x20a3426e0a0 of 54 bytes failed: Only part of a ReadProcessMemory or WriteProcessMemory request was completed. (0x12B)
[0426/165455.977:ERROR:process_memory_win.cc(73)] ReadMemory at 0x20a3426fe90 of 132 bytes failed: Only part of a ReadProcessMemory or WriteProcessMemory request was completed. (0x12B)
[0426/165455.977:ERROR:process_memory_win.cc(73)] ReadMemory at 0x20a342721b0 of 132 bytes failed: Only part of a ReadProcessMemory or WriteProcessMemory request was completed. (0x12B)
[0426/165455.977:ERROR:process_memory_win.cc(73)] ReadMemory at 0x20a342747e0 of 78 bytes failed: Only part of a ReadProcessMemory or WriteProcessMemory request was completed. (0x12B)
[0426/165455.977:ERROR:process_memory_win.cc(73)] ReadMemory at 0x20a34274ae0 of 76 bytes failed: Only part of a ReadProcessMemory or WriteProcessMemory request was completed. (0x12B)
[0426/165455.977:ERROR:process_memory_win.cc(73)] ReadMemory at 0x20a34274f60 of 80 bytes failed: Only part of a ReadProcessMemory or WriteProcessMemory request was completed. (0x12B)
[0426/165455.977:ERROR:process_memory_win.cc(73)] ReadMemory at 0x20a34275600 of 66 bytes failed: Only part of a ReadProcessMemory or WriteProcessMemory request was completed. (0x12B)
[0426/165455.978:ERROR:process_memory_win.cc(73)] ReadMemory at 0x20a34275650 of 58 bytes failed: Only part of a ReadProcessMemory or WriteProcessMemory request was completed. (0x12B)
[0426/165455.978:ERROR:process_memory_win.cc(73)] ReadMemory at 0x20a34275740 of 60 bytes failed: Only part of a ReadProcessMemory or WriteProcessMemory request was completed. (0x12B)
[0426/165455.978:ERROR:process_memory_win.cc(73)] ReadMemory at 0x20a34275790 of 62 bytes failed: Only part of a ReadProcessMemory or WriteProcessMemory request was completed. (0x12B)
[0426/165455.978:ERROR:process_memory_win.cc(73)] ReadMemory at 0x20a34275830 of 64 bytes failed: Only part of a ReadProcessMemory or WriteProcessMemory request was completed. (0x12B)
[0426/165455.978:ERROR:process_memory_win.cc(73)] ReadMemory at 0x20a34275c90 of 60 bytes failed: Only part of a ReadProcessMemory or WriteProcessMemory request was completed. (0x12B)
[0426/165455.978:ERROR:process_memory_win.cc(73)] ReadMemory at 0x20a34275ce0 of 62 bytes failed: Only part of a ReadProcessMemory or WriteProcessMemory request was completed. (0x12B)
[0426/165455.978:ERROR:process_memory_win.cc(73)] ReadMemory at 0x20a34275d30 of 64 bytes failed: Only part of a ReadProcessMemory or WriteProcessMemory request was completed. (0x12B)
[0426/165455.978:ERROR:process_memory_win.cc(73)] ReadMemory at 0x20a34275fb0 of 64 bytes failed: Only part of a ReadProcessMemory or WriteProcessMemory request was completed. (0x12B)
[0426/165455.978:ERROR:process_memory_win.cc(73)] ReadMemory at 0x20a34276000 of 62 bytes failed: Only part of a ReadProcessMemory or WriteProcessMemory request was completed. (0x12B)
[0426/165455.978:ERROR:process_memory_win.cc(73)] ReadMemory at 0x20a342761e0 of 62 bytes failed: Only part of a ReadProcessMemory or WriteProcessMemory request was completed. (0x12B)
[0426/165455.978:ERROR:process_memory_win.cc(73)] ReadMemory at 0x20a34276280 of 60 bytes failed: Only part of a ReadProcessMemory or WriteProcessMemory request was completed. (0x12B)
[0426/165455.978:ERROR:process_memory_win.cc(73)] ReadMemory at 0x20a342762d0 of 64 bytes failed: Only part of a ReadProcessMemory or WriteProcessMemory request was completed. (0x12B)
[0426/165455.978:ERROR:process_memory_win.cc(73)] ReadMemory at 0x20a34276320 of 62 bytes failed: Only part of a ReadProcessMemory or WriteProcessMemory request was completed. (0x12B)
[0426/165455.978:ERROR:process_memory_win.cc(73)] ReadMemory at 0x20a342763c0 of 62 bytes failed: Only part of a ReadProcessMemory or WriteProcessMemory request was completed. (0x12B)
[0426/165455.978:ERROR:process_memory_win.cc(73)] ReadMemory at 0x20a34276410 of 62 bytes failed: Only part of a ReadProcessMemory or WriteProcessMemory request was completed. (0x12B)
[0426/165455.979:ERROR:process_memory_win.cc(73)] ReadMemory at 0x20a34276460 of 60 bytes failed: Only part of a ReadProcessMemory or WriteProcessMemory request was completed. (0x12B)
[0426/165455.979:ERROR:process_memory_win.cc(73)] ReadMemory at 0x20a34276500 of 62 bytes failed: Only part of a ReadProcessMemory or WriteProcessMemory request was completed. (0x12B)
[0426/165455.979:ERROR:process_memory_win.cc(73)] ReadMemory at 0x20a34276dc0 of 132 bytes failed: Only part of a ReadProcessMemory or WriteProcessMemory request was completed. (0x12B)
[0426/165455.979:ERROR:process_memory_win.cc(73)] ReadMemory at 0x20a34276ef0 of 132 bytes failed: Only part of a ReadProcessMemory or WriteProcessMemory request was completed. (0x12B)
[0426/165455.979:ERROR:process_memory_win.cc(73)] ReadMemory at 0x20a34277020 of 132 bytes failed: Only part of a ReadProcessMemory or WriteProcessMemory request was completed. (0x12B)
[0426/165455.979:ERROR:process_memory_win.cc(73)] ReadMemory at 0x20a342773b0 of 132 bytes failed: Only part of a ReadProcessMemory or WriteProcessMemory request was completed. (0x12B)
[0426/165455.979:ERROR:process_memory_win.cc(73)] ReadMemory at 0x20a34277740 of 132 bytes failed: Only part of a ReadProcessMemory or WriteProcessMemory request was completed. (0x12B)
[0426/165455.979:ERROR:process_memory_win.cc(73)] ReadMemory at 0x20a34277870 of 132 bytes failed: Only part of a ReadProcessMemory or WriteProcessMemory request was completed. (0x12B)
[0426/165455.979:ERROR:process_memory_win.cc(73)] ReadMemory at 0x20a342779a0 of 132 bytes failed: Only part of a ReadProcessMemory or WriteProcessMemory request was completed. (0x12B)
[0426/165455.979:ERROR:process_memory_win.cc(73)] ReadMemory at 0x20a34277ad0 of 132 bytes failed: Only part of a ReadProcessMemory or WriteProcessMemory request was completed. (0x12B)
[0426/165455.979:ERROR:process_memory_win.cc(73)] ReadMemory at 0x20a34277c00 of 132 bytes failed: Only part of a ReadProcessMemory or WriteProcessMemory request was completed. (0x12B)
[0426/165455.979:ERROR:process_memory_win.cc(73)] ReadMemory at 0x20a34277d30 of 132 bytes failed: Only part of a ReadProcessMemory or WriteProcessMemory request was completed. (0x12B)
[0426/165455.979:ERROR:process_memory_win.cc(73)] ReadMemory at 0x20a34277e60 of 132 bytes failed: Only part of a ReadProcessMemory or WriteProcessMemory request was completed. (0x12B)
[0426/165455.979:ERROR:process_memory_win.cc(73)] ReadMemory at 0x20a34277f90 of 132 bytes failed: Only part of a ReadProcessMemory or WriteProcessMemory request was completed. (0x12B)
[0426/165455.980:ERROR:process_memory_win.cc(73)] ReadMemory at 0x20a342780c0 of 132 bytes failed: Only part of a ReadProcessMemory or WriteProcessMemory request was completed. (0x12B)
[0426/165455.980:ERROR:process_memory_win.cc(73)] ReadMemory at 0x20a342781f0 of 132 bytes failed: Only part of a ReadProcessMemory or WriteProcessMemory request was completed. (0x12B)
[0426/165455.980:ERROR:process_memory_win.cc(73)] ReadMemory at 0x20a34278320 of 132 bytes failed: Only part of a ReadProcessMemory or WriteProcessMemory request was completed. (0x12B)
[0426/165455.980:ERROR:process_memory_win.cc(73)] ReadMemory at 0x20a34278450 of 132 bytes failed: Only part of a ReadProcessMemory or WriteProcessMemory request was completed. (0x12B)
[0426/165455.980:ERROR:process_memory_win.cc(73)] ReadMemory at 0x20a34278580 of 132 bytes failed: Only part of a ReadProcessMemory or WriteProcessMemory request was completed. (0x12B)
[0426/165455.980:ERROR:process_memory_win.cc(73)] ReadMemory at 0x20a342787e0 of 132 bytes failed: Only part of a ReadProcessMemory or WriteProcessMemory request was completed. (0x12B)
[0426/165455.980:ERROR:process_memory_win.cc(73)] ReadMemory at 0x20a34278910 of 132 bytes failed: Only part of a ReadProcessMemory or WriteProcessMemory request was completed. (0x12B)
[0426/165455.980:ERROR:process_memory_win.cc(73)] ReadMemory at 0x20a34278a40 of 132 bytes failed: Only part of a ReadProcessMemory or WriteProcessMemory request was completed. (0x12B)
[0426/165455.980:ERROR:process_memory_win.cc(73)] ReadMemory at 0x20a34278b70 of 132 bytes failed: Only part of a ReadProcessMemory or WriteProcessMemory request was completed. (0x12B)
[0426/165455.980:ERROR:process_memory_win.cc(73)] ReadMemory at 0x20a3428aac0 of 60 bytes failed: Only part of a ReadProcessMemory or WriteProcessMemory request was completed. (0x12B)
[0426/165455.980:ERROR:process_memory_win.cc(73)] ReadMemory at 0x20a3428ab10 of 60 bytes failed: Only part of a ReadProcessMemory or WriteProcessMemory request was completed. (0x12B)
[0426/165455.980:ERROR:process_memory_win.cc(73)] ReadMemory at 0x20a3428ab60 of 62 bytes failed: Only part of a ReadProcessMemory or WriteProcessMemory request was completed. (0x12B)
[0426/165455.980:ERROR:process_memory_win.cc(73)] ReadMemory at 0x20a3428b240 of 62 bytes failed: Only part of a ReadProcessMemory or WriteProcessMemory request was completed. (0x12B)
[0426/165455.980:ERROR:process_memory_win.cc(73)] ReadMemory at 0x20a3428b420 of 58 bytes failed: Only part of a ReadProcessMemory or WriteProcessMemory request was completed. (0x12B)
[0426/165455.980:ERROR:process_memory_win.cc(73)] ReadMemory at 0x20a3428b600 of 62 bytes failed: Only part of a ReadProcessMemory or WriteProcessMemory request was completed. (0x12B)
[0426/165455.980:ERROR:process_memory_win.cc(73)] ReadMemory at 0x20a3428b6a0 of 58 bytes failed: Only part of a ReadProcessMemory or WriteProcessMemory request was completed. (0x12B)
[0426/165455.980:ERROR:process_memory_win.cc(73)] ReadMemory at 0x20a3428b7e0 of 58 bytes failed: Only part of a ReadProcessMemory or WriteProcessMemory request was completed. (0x12B)
[0426/165455.980:ERROR:process_memory_win.cc(73)] ReadMemory at 0x20a3428b880 of 64 bytes failed: Only part of a ReadProcessMemory or WriteProcessMemory request was completed. (0x12B)
[0426/165455.980:ERROR:process_memory_win.cc(73)] ReadMemory at 0x20a3428b8d0 of 66 bytes failed: Only part of a ReadProcessMemory or WriteProcessMemory request was completed. (0x12B)
[0426/165455.980:ERROR:process_memory_win.cc(73)] ReadMemory at 0x20a34296070 of 512 bytes failed: Only part of a ReadProcessMemory or WriteProcessMemory request was completed. (0x12B)
[0426/165455.980:ERROR:process_memory_win.cc(73)] ReadMemory at 0x20a34296fe0 of 512 bytes failed: Only part of a ReadProcessMemory or WriteProcessMemory request was completed. (0x12B)
[0426/165455.981:ERROR:process_memory_win.cc(73)] ReadMemory at 0x20a347f1540 of 512 bytes failed: Only part of a ReadProcessMemory or WriteProcessMemory request was completed. (0x12B)
[0426/165455.981:ERROR:process_memory_win.cc(73)] ReadMemory at 0x20a347f2bc0 of 512 bytes failed: Only part of a ReadProcessMemory or WriteProcessMemory request was completed. (0x12B)
[0426/165455.981:ERROR:process_memory_win.cc(73)] ReadMemory at 0x20a347f6100 of 512 bytes failed: Only part of a ReadProcessMemory or WriteProcessMemory request was completed. (0x12B)
[0426/165455.981:ERROR:process_memory_win.cc(73)] ReadMemory at 0x20a34926620 of 512 bytes failed: Only part of a ReadProcessMemory or WriteProcessMemory request was completed. (0x12B)
[0426/165455.981:ERROR:process_memory_win.cc(73)] ReadMemory at 0x20a34933010 of 512 bytes failed: Only part of a ReadProcessMemory or WriteProcessMemory request was completed. (0x12B)
[0426/165455.981:ERROR:process_memory_win.cc(73)] ReadMemory at 0x20a34933fd0 of 512 bytes failed: Only part of a ReadProcessMemory or WriteProcessMemory request was completed. (0x12B)
[0426/165455.981:ERROR:process_memory_win.cc(73)] ReadMemory at 0x20a34959560 of 712 bytes failed: Only part of a ReadProcessMemory or WriteProcessMemory request was completed. (0x12B)
[0426/165455.981:ERROR:process_memory_win.cc(73)] ReadMemory at 0x20a349b4c60 of 512 bytes failed: Only part of a ReadProcessMemory or WriteProcessMemory request was completed. (0x12B)
[0426/165455.981:ERROR:process_memory_win.cc(73)] ReadMemory at 0x20a36193940 of 512 bytes failed: Only part of a ReadProcessMemory or WriteProcessMemory request was completed. (0x12B)
[0426/165455.981:ERROR:process_memory_win.cc(73)] ReadMemory at 0x20a36193c40 of 512 bytes failed: Only part of a ReadProcessMemory or WriteProcessMemory request was completed. (0x12B)
[0426/165455.981:ERROR:process_memory_win.cc(73)] ReadMemory at 0x20a3623a3d8 of 512 bytes failed: Only part of a ReadProcessMemory or WriteProcessMemory request was completed. (0x12B)
[0426/165455.981:ERROR:process_memory_win.cc(73)] ReadMemory at 0x20a36275730 of 512 bytes failed: Only part of a ReadProcessMemory or WriteProcessMemory request was completed. (0x12B)
[0426/165455.981:ERROR:process_memory_win.cc(73)] ReadMemory at 0x20a362b3490 of 512 bytes failed: Only part of a ReadProcessMemory or WriteProcessMemory request was completed. (0x12B)
[0426/165455.981:ERROR:process_memory_win.cc(73)] ReadMemory at 0x20a367cefc8 of 512 bytes failed: Only part of a ReadProcessMemory or WriteProcessMemory request was completed. (0x12B)
[0426/165455.981:ERROR:process_memory_win.cc(73)] ReadMemory at 0x20a367d28a0 of 512 bytes failed: Only part of a ReadProcessMemory or WriteProcessMemory request was completed. (0x12B)
[0426/165455.981:ERROR:process_memory_win.cc(73)] ReadMemory at 0x20a3697d9c0 of 512 bytes failed: Only part of a ReadProcessMemory or WriteProcessMemory request was completed. (0x12B)
[0426/165455.981:ERROR:process_memory_win.cc(73)] ReadMemory at 0x20a37030610 of 512 bytes failed: Only part of a ReadProcessMemory or WriteProcessMemory request was completed. (0x12B)
[0426/165455.982:ERROR:process_memory_win.cc(73)] ReadMemory at 0x20a388377b0 of 512 bytes failed: Only part of a ReadProcessMemory or WriteProcessMemory request was completed. (0x12B)
[0426/165455.982:ERROR:process_memory_win.cc(73)] ReadMemory at 0x6b22fce576c0 of 512 bytes failed: Only part of a ReadProcessMemory or WriteProcessMemory request was completed. (0x12B)
[0426/165455.982:ERROR:process_memory_win.cc(73)] ReadMemory at 0x7cc400000000 of 384 bytes failed: Only part of a ReadProcessMemory or WriteProcessMemory request was completed. (0x12B)
[0426/165455.982:ERROR:process_memory_win.cc(73)] ReadMemory at 0x7cc40804028d of 512 bytes failed: Only part of a ReadProcessMemory or WriteProcessMemory request was completed. (0x12B)
[0426/165455.982:ERROR:process_memory_win.cc(73)] ReadMemory at 0x7cc4089c4319 of 512 bytes failed: Only part of a ReadProcessMemory or WriteProcessMemory request was completed. (0x12B)
[0426/165455.982:ERROR:process_memory_win.cc(73)] ReadMemory at 0x7cc4089ec97d of 512 bytes failed: Only part of a ReadProcessMemory or WriteProcessMemory request was completed. (0x12B)
[0426/165455.982:ERROR:process_memory_win.cc(73)] ReadMemory at 0x7cc408a3b1e9 of 512 bytes failed: Only part of a ReadProcessMemory or WriteProcessMemory request was completed. (0x12B)
[0426/165455.982:ERROR:process_memory_win.cc(73)] ReadMemory at 0x7cc408a52cc5 of 512 bytes failed: Only part of a ReadProcessMemory or WriteProcessMemory request was completed. (0x12B)
[0426/165455.982:ERROR:process_memory_win.cc(73)] ReadMemory at 0x7ffa54481870 of 512 bytes failed: Only part of a ReadProcessMemory or WriteProcessMemory request was completed. (0x12B)
[0426/165455.982:ERROR:process_memory_win.cc(73)] ReadMemory at 0x7ffa54a48e5c of 512 bytes failed: Only part of a ReadProcessMemory or WriteProcessMemory request was completed. (0x12B)
[0426/165455.982:ERROR:process_memory_win.cc(73)] ReadMemory at 0x7ffa59904c88 of 512 bytes failed: Only part of a ReadProcessMemory or WriteProcessMemory request was completed. (0x12B)
[0426/165455.982:ERROR:process_memory_win.cc(73)] ReadMemory at 0x7ffadcc0a719 of 512 bytes failed: Only part of a ReadProcessMemory or WriteProcessMemory request was completed. (0x12B)
[0426/165455.982:ERROR:process_memory_win.cc(73)] ReadMemory at 0x7ffadce3b6e0 of 512 bytes failed: Only part of a ReadProcessMemory or WriteProcessMemory request was completed. (0x12B)
[0426/165455.982:ERROR:process_memory_win.cc(73)] ReadMemory at 0x7ffadf1dc074 of 1344 bytes failed: Only part of a ReadProcessMemory or WriteProcessMemory request was completed. (0x12B)
[0426/165455.982:ERROR:process_memory_win.cc(73)] ReadMemory at 0x7ffadf1df924 of 608 bytes failed: Only part of a ReadProcessMemory or WriteProcessMemory request was completed. (0x12B)
[0426/165455.982:ERROR:process_memory_win.cc(73)] ReadMemory at 0x7ffadf26c428 of 18 bytes failed: Only part of a ReadProcessMemory or WriteProcessMemory request was completed. (0x12B)
[0426/165455.982:ERROR:process_memory_win.cc(73)] ReadMemory at 0x7ffadf29f4f8 of 40 bytes failed: Only part of a ReadProcessMemory or WriteProcessMemory request was completed. (0x12B)
[0426/165455.982:ERROR:process_memory_win.cc(73)] ReadMemory at 0x7ffadf29f978 of 48 bytes failed: Only part of a ReadProcessMemory or WriteProcessMemory request was completed. (0x12B)
[0426/165455.983:ERROR:process_memory_win.cc(73)] ReadMemory at 0x7ffadf2a53c0 of 64 bytes failed: Only part of a ReadProcessMemory or WriteProcessMemory request was completed. (0x12B)
[0426/165455.984:ERROR:scoped_process_suspend.cc(40)] NtResumeProcess: An attempt was made to access an exiting process. (0xc000010a)
